# JRE version: OpenJDK Runtime Environment AdoptOpenJDK (11.0.9.1+1) (build 11.0.9.1+1)
# Java VM: OpenJDK 64-Bit Server VM AdoptOpenJDK (11.0.9.1+1, mixed mode, tiered, compressed oops, parallel gc, windows-amd64)
Heap:
 PSYoungGen      total 3072K, used 3044K [0x00000000eab00000, 0x00000000eb200000, 0x0000000100000000)
  eden space 2048K, 99% used [0x00000000eab00000,0x00000000eacffff8,0x00000000ead00000)
  from space 1024K, 97% used [0x00000000eaf00000,0x00000000eaff9230,0x00000000eb000000)
  to   space 2048K, 14% used [0x00000000ead00000,0x00000000ead48000,0x00000000eaf00000)
 ParOldGen       total 168960K, used 148057K [0x00000000c0000000, 0x00000000ca500000, 0x00000000eab00000)
  object space 168960K, 87% used [0x00000000c0000000,0x00000000c9096410,0x00000000ca500000)
 Metaspace       used 77146K, capacity 80301K, committed 80600K, reserved 1122304K
  class space    used 7237K, capacity 8358K, committed 8448K, reserved 1048576K
GC Heap History (20 events):
Event: 3081.974 GC heap after
{Heap after GC invocations=608 (full 13):
 PSYoungGen      total 2560K, used 544K [0x00000000eab00000, 0x00000000eaf00000, 0x0000000100000000)
  eden space 512K, 0% used [0x00000000eab00000,0x00000000eab00000,0x00000000eab80000)
  from space 2048K, 26% used [0x00000000eab80000,0x00000000eac08000,0x00000000ead80000)
  to   space 1536K, 0% used [0x00000000ead80000,0x00000000ead80000,0x00000000eaf00000)
 ParOldGen       total 168960K, used 139660K [0x00000000c0000000, 0x00000000ca500000, 0x00000000eab00000)
  object space 168960K, 82% used [0x00000000c0000000,0x00000000c88632d0,0x00000000ca500000)
 Metaspace       used 77075K, capacity 80237K, committed 80600K, reserved 1122304K
  class space    used 7237K, capacity 8358K, committed 8448K, reserved 1048576K
}
Event: 3081.976 GC heap before
{Heap before GC invocations=609 (full 13):
 PSYoungGen      total 2560K, used 1056K [0x00000000eab00000, 0x00000000eaf00000, 0x0000000100000000)
  eden space 512K, 100% used [0x00000000eab00000,0x00000000eab80000,0x00000000eab80000)
  from space 2048K, 26% used [0x00000000eab80000,0x00000000eac08000,0x00000000ead80000)
  to   space 1536K, 0% used [0x00000000ead80000,0x00000000ead80000,0x00000000eaf00000)
 ParOldGen       total 168960K, used 139660K [0x00000000c0000000, 0x00000000ca500000, 0x00000000eab00000)
  object space 168960K, 82% used [0x00000000c0000000,0x00000000c88632d0,0x00000000ca500000)
 Metaspace       used 77075K, capacity 80237K, committed 80600K, reserved 1122304K
  class space    used 7237K, capacity 8358K, committed 8448K, reserved 1048576K
}
Event: 3081.979 GC heap after
{Heap after GC invocations=609 (full 13):
 PSYoungGen      total 2048K, used 544K [0x00000000eab00000, 0x00000000eae80000, 0x0000000100000000)
  eden space 1024K, 0% used [0x00000000eab00000,0x00000000eab00000,0x00000000eac00000)
  from space 1024K, 53% used [0x00000000ead80000,0x00000000eae08000,0x00000000eae80000)
  to   space 1024K, 0% used [0x00000000eac80000,0x00000000eac80000,0x00000000ead80000)
 ParOldGen       total 168960K, used 140156K [0x00000000c0000000, 0x00000000ca500000, 0x00000000eab00000)
  object space 168960K, 82% used [0x00000000c0000000,0x00000000c88df2d0,0x00000000ca500000)
 Metaspace       used 77075K, capacity 80237K, committed 80600K, reserved 1122304K
  class space    used 7237K, capacity 8358K, committed 8448K, reserved 1048576K
}
Event: 3081.983 GC heap before
{Heap before GC invocations=610 (full 13):
 PSYoungGen      total 2048K, used 1568K [0x00000000eab00000, 0x00000000eae80000, 0x0000000100000000)
  eden space 1024K, 100% used [0x00000000eab00000,0x00000000eac00000,0x00000000eac00000)
  from space 1024K, 53% used [0x00000000ead80000,0x00000000eae08000,0x00000000eae80000)
  to   space 1024K, 0% used [0x00000000eac80000,0x00000000eac80000,0x00000000ead80000)
 ParOldGen       total 168960K, used 140156K [0x00000000c0000000, 0x00000000ca500000, 0x00000000eab00000)
  object space 168960K, 82% used [0x00000000c0000000,0x00000000c88df2d0,0x00000000ca500000)
 Metaspace       used 77075K, capacity 80237K, committed 80600K, reserved 1122304K
  class space    used 7237K, capacity 8358K, committed 8448K, reserved 1048576K
}
Event: 3081.986 GC heap after
{Heap after GC invocations=610 (full 13):
 PSYoungGen      total 2560K, used 1024K [0x00000000eab00000, 0x00000000eaf80000, 0x0000000100000000)
  eden space 1536K, 0% used [0x00000000eab00000,0x00000000eab00000,0x00000000eac80000)
  from space 1024K, 100% used [0x00000000eac80000,0x00000000ead80000,0x00000000ead80000)
  to   space 1536K, 0% used [0x00000000eae00000,0x00000000eae00000,0x00000000eaf80000)
 ParOldGen       total 168960K, used 140652K [0x00000000c0000000, 0x00000000ca500000, 0x00000000eab00000)
  object space 168960K, 83% used [0x00000000c0000000,0x00000000c895b2d0,0x00000000ca500000)
 Metaspace       used 77075K, capacity 80237K, committed 80600K, reserved 1122304K
  class space    used 7237K, capacity 8358K, committed 8448K, reserved 1048576K
}
Event: 3081.993 GC heap before
{Heap before GC invocations=611 (full 13):
 PSYoungGen      total 2560K, used 2560K [0x00000000eab00000, 0x00000000eaf80000, 0x0000000100000000)
  eden space 1536K, 100% used [0x00000000eab00000,0x00000000eac80000,0x00000000eac80000)
  from space 1024K, 100% used [0x00000000eac80000,0x00000000ead80000,0x00000000ead80000)
  to   space 1536K, 0% used [0x00000000eae00000,0x00000000eae00000,0x00000000eaf80000)
 ParOldGen       total 168960K, used 140652K [0x00000000c0000000, 0x00000000ca500000, 0x00000000eab00000)
  object space 168960K, 83% used [0x00000000c0000000,0x00000000c895b2d0,0x00000000ca500000)
 Metaspace       used 77075K, capacity 80237K, committed 80600K, reserved 1122304K
  class space    used 7237K, capacity 8358K, committed 8448K, reserved 1048576K
}
Event: 3081.996 GC heap after
{Heap after GC invocations=611 (full 13):
 PSYoungGen      total 3072K, used 1133K [0x00000000eab00000, 0x00000000eb000000, 0x0000000100000000)
  eden space 1536K, 0% used [0x00000000eab00000,0x00000000eab00000,0x00000000eac80000)
  from space 1536K, 73% used [0x00000000eae00000,0x00000000eaf1b4d0,0x00000000eaf80000)
  to   space 1536K, 0% used [0x00000000eac80000,0x00000000eac80000,0x00000000eae00000)
 ParOldGen       total 168960K, used 141668K [0x00000000c0000000, 0x00000000ca500000, 0x00000000eab00000)
  object space 168960K, 83% used [0x00000000c0000000,0x00000000c8a592d0,0x00000000ca500000)
 Metaspace       used 77075K, capacity 80237K, committed 80600K, reserved 1122304K
  class space    used 7237K, capacity 8358K, committed 8448K, reserved 1048576K
}
Event: 3082.003 GC heap before
{Heap before GC invocations=612 (full 13):
 PSYoungGen      total 3072K, used 2669K [0x00000000eab00000, 0x00000000eb000000, 0x0000000100000000)
  eden space 1536K, 100% used [0x00000000eab00000,0x00000000eac80000,0x00000000eac80000)
  from space 1536K, 73% used [0x00000000eae00000,0x00000000eaf1b4d0,0x00000000eaf80000)
  to   space 1536K, 0% used [0x00000000eac80000,0x00000000eac80000,0x00000000eae00000)
 ParOldGen       total 168960K, used 141668K [0x00000000c0000000, 0x00000000ca500000, 0x00000000eab00000)
  object space 168960K, 83% used [0x00000000c0000000,0x00000000c8a592d0,0x00000000ca500000)
 Metaspace       used 77075K, capacity 80237K, committed 80600K, reserved 1122304K
  class space    used 7237K, capacity 8358K, committed 8448K, reserved 1048576K
}
Event: 3082.006 GC heap after
{Heap after GC invocations=612 (full 13):
 PSYoungGen      total 3072K, used 1536K [0x00000000eab00000, 0x00000000eb300000, 0x0000000100000000)
  eden space 1536K, 0% used [0x00000000eab00000,0x00000000eab00000,0x00000000eac80000)
  from space 1536K, 100% used [0x00000000eac80000,0x00000000eae00000,0x00000000eae00000)
  to   space 3072K, 0% used [0x00000000eb000000,0x00000000eb000000,0x00000000eb300000)
 ParOldGen       total 168960K, used 142761K [0x00000000c0000000, 0x00000000ca500000, 0x00000000eab00000)
  object space 168960K, 84% used [0x00000000c0000000,0x00000000c8b6a7a0,0x00000000ca500000)
 Metaspace       used 77075K, capacity 80237K, committed 80600K, reserved 1122304K
  class space    used 7237K, capacity 8358K, committed 8448K, reserved 1048576K
}
Event: 3082.014 GC heap before
{Heap before GC invocations=613 (full 13):
 PSYoungGen      total 3072K, used 3072K [0x00000000eab00000, 0x00000000eb300000, 0x0000000100000000)
  eden space 1536K, 100% used [0x00000000eab00000,0x00000000eac80000,0x00000000eac80000)
  from space 1536K, 100% used [0x00000000eac80000,0x00000000eae00000,0x00000000eae00000)
  to   space 3072K, 0% used [0x00000000eb000000,0x00000000eb000000,0x00000000eb300000)
 ParOldGen       total 168960K, used 142761K [0x00000000c0000000, 0x00000000ca500000, 0x00000000eab00000)
  object space 168960K, 84% used [0x00000000c0000000,0x00000000c8b6a7a0,0x00000000ca500000)
 Metaspace       used 77075K, capacity 80237K, committed 80600K, reserved 1122304K
  class space    used 7237K, capacity 8358K, committed 8448K, reserved 1048576K
}
Event: 3082.020 GC heap after
{Heap after GC invocations=613 (full 13):
 PSYoungGen      total 4096K, used 1568K [0x00000000eab00000, 0x00000000eb200000, 0x0000000100000000)
  eden space 2048K, 0% used [0x00000000eab00000,0x00000000eab00000,0x00000000ead00000)
  from space 2048K, 76% used [0x00000000eb000000,0x00000000eb188000,0x00000000eb200000)
  to   space 2048K, 0% used [0x00000000eae00000,0x00000000eae00000,0x00000000eb000000)
 ParOldGen       total 168960K, used 144289K [0x00000000c0000000, 0x00000000ca500000, 0x00000000eab00000)
  object space 168960K, 85% used [0x00000000c0000000,0x00000000c8ce87a0,0x00000000ca500000)
 Metaspace       used 77075K, capacity 80237K, committed 80600K, reserved 1122304K
  class space    used 7237K, capacity 8358K, committed 8448K, reserved 1048576K
}
Event: 3089.772 GC heap before
{Heap before GC invocations=614 (full 13):
 PSYoungGen      total 4096K, used 3599K [0x00000000eab00000, 0x00000000eb200000, 0x0000000100000000)
  eden space 2048K, 99% used [0x00000000eab00000,0x00000000eacfbc88,0x00000000ead00000)
  from space 2048K, 76% used [0x00000000eb000000,0x00000000eb188000,0x00000000eb200000)
  to   space 2048K, 0% used [0x00000000eae00000,0x00000000eae00000,0x00000000eb000000)
 ParOldGen       total 168960K, used 144289K [0x00000000c0000000, 0x00000000ca500000, 0x00000000eab00000)
  object space 168960K, 85% used [0x00000000c0000000,0x00000000c8ce87a0,0x00000000ca500000)
 Metaspace       used 77077K, capacity 80237K, committed 80600K, reserved 1122304K
  class space    used 7237K, capacity 8358K, committed 8448K, reserved 1048576K
}
Event: 3089.779 GC heap after
{Heap after GC invocations=614 (full 13):
 PSYoungGen      total 3584K, used 804K [0x00000000eab00000, 0x00000000eb080000, 0x0000000100000000)
  eden space 2560K, 0% used [0x00000000eab00000,0x00000000eab00000,0x00000000ead80000)
  from space 1024K, 78% used [0x00000000eae00000,0x00000000eaec9210,0x00000000eaf00000)
  to   space 1536K, 0% used [0x00000000eaf00000,0x00000000eaf00000,0x00000000eb080000)
 ParOldGen       total 168960K, used 145825K [0x00000000c0000000, 0x00000000ca500000, 0x00000000eab00000)
  object space 168960K, 86% used [0x00000000c0000000,0x00000000c8e687a0,0x00000000ca500000)
 Metaspace       used 77077K, capacity 80237K, committed 80600K, reserved 1122304K
  class space    used 7237K, capacity 8358K, committed 8448K, reserved 1048576K
}
Event: 3089.797 GC heap before
{Heap before GC invocations=615 (full 13):
 PSYoungGen      total 3584K, used 3364K [0x00000000eab00000, 0x00000000eb080000, 0x0000000100000000)
  eden space 2560K, 100% used [0x00000000eab00000,0x00000000ead80000,0x00000000ead80000)
  from space 1024K, 78% used [0x00000000eae00000,0x00000000eaec9210,0x00000000eaf00000)
  to   space 1536K, 0% used [0x00000000eaf00000,0x00000000eaf00000,0x00000000eb080000)
 ParOldGen       total 168960K, used 145825K [0x00000000c0000000, 0x00000000ca500000, 0x00000000eab00000)
  object space 168960K, 86% used [0x00000000c0000000,0x00000000c8e687a0,0x00000000ca500000)
 Metaspace       used 77077K, capacity 80237K, committed 80600K, reserved 1122304K
  class space    used 7237K, capacity 8358K, committed 8448K, reserved 1048576K
}
Event: 3089.800 GC heap after
{Heap after GC invocations=615 (full 13):
 PSYoungGen      total 3584K, used 160K [0x00000000eab00000, 0x00000000eaf80000, 0x0000000100000000)
  eden space 3072K, 0% used [0x00000000eab00000,0x00000000eab00000,0x00000000eae00000)
  from space 512K, 31% used [0x00000000eaf00000,0x00000000eaf28000,0x00000000eaf80000)
  to   space 512K, 0% used [0x00000000eae80000,0x00000000eae80000,0x00000000eaf00000)
 ParOldGen       total 168960K, used 146574K [0x00000000c0000000, 0x00000000ca500000, 0x00000000eab00000)
  object space 168960K, 86% used [0x00000000c0000000,0x00000000c8f239c0,0x00000000ca500000)
 Metaspace       used 77077K, capacity 80237K, committed 80600K, reserved 1122304K
  class space    used 7237K, capacity 8358K, committed 8448K, reserved 1048576K
}
Event: 19840.008 GC heap before
{Heap before GC invocations=616 (full 13):
 PSYoungGen      total 3584K, used 3232K [0x00000000eab00000, 0x00000000eaf80000, 0x0000000100000000)
  eden space 3072K, 100% used [0x00000000eab00000,0x00000000eae00000,0x00000000eae00000)
  from space 512K, 31% used [0x00000000eaf00000,0x00000000eaf28000,0x00000000eaf80000)
  to   space 512K, 0% used [0x00000000eae80000,0x00000000eae80000,0x00000000eaf00000)
 ParOldGen       total 168960K, used 146574K [0x00000000c0000000, 0x00000000ca500000, 0x00000000eab00000)
  object space 168960K, 86% used [0x00000000c0000000,0x00000000c8f239c0,0x00000000ca500000)
 Metaspace       used 77144K, capacity 80301K, committed 80600K, reserved 1122304K
  class space    used 7237K, capacity 8358K, committed 8448K, reserved 1048576K
}
Event: 19855.772 GC heap after
{Heap after GC invocations=616 (full 13):
 PSYoungGen      total 3584K, used 468K [0x00000000eab00000, 0x00000000eb000000, 0x0000000100000000)
  eden space 3072K, 0% used [0x00000000eab00000,0x00000000eab00000,0x00000000eae00000)
  from space 512K, 91% used [0x00000000eae80000,0x00000000eaef5200,0x00000000eaf00000)
  to   space 1024K, 0% used [0x00000000eaf00000,0x00000000eaf00000,0x00000000eb000000)
 ParOldGen       total 168960K, used 146590K [0x00000000c0000000, 0x00000000ca500000, 0x00000000eab00000)
  object space 168960K, 86% used [0x00000000c0000000,0x00000000c8f279c0,0x00000000ca500000)
 Metaspace       used 77144K, capacity 80301K, committed 80600K, reserved 1122304K
  class space    used 7237K, capacity 8358K, committed 8448K, reserved 1048576K
}
Event: 19875.120 GC heap before
{Heap before GC invocations=617 (full 13):
 PSYoungGen      total 3584K, used 3540K [0x00000000eab00000, 0x00000000eb000000, 0x0000000100000000)
  eden space 3072K, 100% used [0x00000000eab00000,0x00000000eae00000,0x00000000eae00000)
  from space 512K, 91% used [0x00000000eae80000,0x00000000eaef5200,0x00000000eaf00000)
  to   space 1024K, 0% used [0x00000000eaf00000,0x00000000eaf00000,0x00000000eb000000)
 ParOldGen       total 168960K, used 146590K [0x00000000c0000000, 0x00000000ca500000, 0x00000000eab00000)
  object space 168960K, 86% used [0x00000000c0000000,0x00000000c8f279c0,0x00000000ca500000)
 Metaspace       used 77145K, capacity 80301K, committed 80600K, reserved 1122304K
  class space    used 7237K, capacity 8358K, committed 8448K, reserved 1048576K
}
Event: 19875.525 GC heap after
{Heap after GC invocations=617 (full 13):
 PSYoungGen      total 3072K, used 996K [0x00000000eab00000, 0x00000000eb200000, 0x0000000100000000)
  eden space 2048K, 0% used [0x00000000eab00000,0x00000000eab00000,0x00000000ead00000)
  from space 1024K, 97% used [0x00000000eaf00000,0x00000000eaff9230,0x00000000eb000000)
  to   space 2048K, 0% used [0x00000000ead00000,0x00000000ead00000,0x00000000eaf00000)
 ParOldGen       total 168960K, used 147127K [0x00000000c0000000, 0x00000000ca500000, 0x00000000eab00000)
  object space 168960K, 87% used [0x00000000c0000000,0x00000000c8faddb0,0x00000000ca500000)
 Metaspace       used 77145K, capacity 80301K, committed 80600K, reserved 1122304K
  class space    used 7237K, capacity 8358K, committed 8448K, reserved 1048576K
}
Event: 19936.268 GC heap before
{Heap before GC invocations=618 (full 13):
 PSYoungGen      total 3072K, used 3044K [0x00000000eab00000, 0x00000000eb200000, 0x0000000100000000)
  eden space 2048K, 99% used [0x00000000eab00000,0x00000000eacffff8,0x00000000ead00000)
  from space 1024K, 97% used [0x00000000eaf00000,0x00000000eaff9230,0x00000000eb000000)
  to   space 2048K, 0% used [0x00000000ead00000,0x00000000ead00000,0x00000000eaf00000)
 ParOldGen       total 168960K, used 147127K [0x00000000c0000000, 0x00000000ca500000, 0x00000000eab00000)
  object space 168960K, 87% used [0x00000000c0000000,0x00000000c8faddb0,0x00000000ca500000)
 Metaspace       used 77146K, capacity 80301K, committed 80600K, reserved 1122304K
  class space    used 7237K, capacity 8358K, committed 8448K, reserved 1048576K
}

